GROUP,PACKAGE,CLASS,INSTRUCTION_MISSED,INSTRUCTION_COVERED,BRANCH_MISSED,BRANCH_COVERED,LINE_MISSED,LINE_COVERED,COMPLEXITY_MISSED,COMPLEXITY_COVERED,METHOD_MISSED,METHOD_COVERED
Fulcrum Pool,org.apache.fulcrum.pool,PoolException,13,0,0,0,6,0,3,0,3,0
Fulcrum Pool,org.apache.fulcrum.pool,DefaultPoolService,228,193,32,14,46,52,28,15,7,13
Fulcrum Pool,org.apache.fulcrum.pool,PoolBuffer,141,25,23,1,40,7,15,4,3,4
Fulcrum Pool,org.apache.fulcrum.pool,PoolService,4,0,0,0,1,0,1,0,1,0
Fulcrum Pool,org.apache.fulcrum.pool,BoundedBuffer,73,64,10,4,18,17,10,4,3,4
Fulcrum Pool,org.apache.fulcrum.pool,Recycler,32,0,8,0,9,0,6,0,2,0
Fulcrum Pool,org.apache.fulcrum.pool,ObjectInputStreamForContext,23,0,2,0,7,0,4,0,3,0
